{"D:\\Projects\\مشروع اداره الطلبه شيخ وائل\\assets\\js\\core\\state.js": {"path":"D:\\Projects\\مشروع اداره الطلبه شيخ وائل\\assets\\js\\core\\state.js","statementMap":{"0":{"start":{"line":8,"column":12},"end":{"line":18,"column":1}},"1":{"start":{"line":20,"column":18},"end":{"line":20,"column":22}},"2":{"start":{"line":22,"column":28},"end":{"line":69,"column":1}},"3":{"start":{"line":24,"column":4},"end":{"line":24,"column":null}},"4":{"start":{"line":28,"column":4},"end":{"line":28,"column":null}},"5":{"start":{"line":32,"column":4},"end":{"line":32,"column":null}},"6":{"start":{"line":36,"column":22},"end":{"line":36,"column":40}},"7":{"start":{"line":37,"column":4},"end":{"line":48,"column":null}},"8":{"start":{"line":38,"column":6},"end":{"line":38,"column":null}},"9":{"start":{"line":41,"column":6},"end":{"line":46,"column":null}},"10":{"start":{"line":47,"column":6},"end":{"line":47,"column":null}},"11":{"start":{"line":49,"column":4},"end":{"line":49,"column":null}},"12":{"start":{"line":53,"column":4},"end":{"line":53,"column":null}},"13":{"start":{"line":57,"column":4},"end":{"line":57,"column":null}},"14":{"start":{"line":57,"column":22},"end":{"line":57,"column":null}},"15":{"start":{"line":58,"column":21},"end":{"line":64,"column":5}},"16":{"start":{"line":65,"column":4},"end":{"line":65,"column":null}},"17":{"start":{"line":66,"column":4},"end":{"line":66,"column":null}},"18":{"start":{"line":66,"column":41},"end":{"line":66,"column":null}},"19":{"start":{"line":67,"column":4},"end":{"line":67,"column":null}}},"fnMap":{"0":{"name":"(anonymous_0)","decl":{"start":{"line":23,"column":2},"end":{"line":23,"column":10}},"loc":{"start":{"line":23,"column":13},"end":{"line":25,"column":3}},"line":23},"1":{"name":"(anonymous_1)","decl":{"start":{"line":27,"column":2},"end":{"line":27,"column":16}},"loc":{"start":{"line":27,"column":19},"end":{"line":29,"column":3}},"line":27},"2":{"name":"(anonymous_2)","decl":{"start":{"line":31,"column":2},"end":{"line":31,"column":16}},"loc":{"start":{"line":31,"column":23},"end":{"line":33,"column":3}},"line":31},"3":{"name":"(anonymous_3)","decl":{"start":{"line":35,"column":2},"end":{"line":35,"column":20}},"loc":{"start":{"line":35,"column":23},"end":{"line":50,"column":3}},"line":35},"4":{"name":"(anonymous_4)","decl":{"start":{"line":52,"column":2},"end":{"line":52,"column":6}},"loc":{"start":{"line":52,"column":9},"end":{"line":54,"column":3}},"line":52},"5":{"name":"(anonymous_5)","decl":{"start":{"line":56,"column":2},"end":{"line":56,"column":8}},"loc":{"start":{"line":56,"column":26},"end":{"line":68,"column":null}},"line":56}},"branchMap":{"0":{"loc":{"start":{"line":37,"column":4},"end":{"line":48,"column":null}},"type":"if","locations":[{"start":{"line":37,"column":4},"end":{"line":48,"column":null}},{"start":{"line":39,"column":11},"end":{"line":48,"column":null}}],"line":37},"1":{"loc":{"start":{"line":49,"column":25},"end":{"line":49,"column":49}},"type":"binary-expr","locations":[{"start":{"line":49,"column":25},"end":{"line":49,"column":43}},{"start":{"line":49,"column":47},"end":{"line":49,"column":49}}],"line":49},"2":{"loc":{"start":{"line":57,"column":4},"end":{"line":57,"column":null}},"type":"if","locations":[{"start":{"line":57,"column":4},"end":{"line":57,"column":null}},{"start":{},"end":{}}],"line":57},"3":{"loc":{"start":{"line":66,"column":4},"end":{"line":66,"column":null}},"type":"if","locations":[{"start":{"line":66,"column":4},"end":{"line":66,"column":null}},{"start":{},"end":{}}],"line":66}},"s":{"0":1,"1":1,"2":1,"3":2,"4":0,"5":2,"6":1,"7":1,"8":0,"9":1,"10":1,"11":1,"12":0,"13":2,"14":1,"15":1,"16":1,"17":1,"18":0,"19":1},"f":{"0":2,"1":0,"2":2,"3":1,"4":0,"5":2},"b":{"0":[0,1],"1":[1,0],"2":[1,1],"3":[0,1]},"meta":{"lastBranch":4,"lastFunction":6,"lastStatement":20,"seen":{"s:8:12:18:1":0,"s:20:18:20:22":1,"s:22:28:69:1":2,"f:23:2:23:10":0,"s:24:4:24:Infinity":3,"f:27:2:27:16":1,"s:28:4:28:Infinity":4,"f:31:2:31:16":2,"s:32:4:32:Infinity":5,"f:35:2:35:20":3,"s:36:22:36:40":6,"b:37:4:48:Infinity:39:11:48:Infinity":0,"s:37:4:48:Infinity":7,"s:38:6:38:Infinity":8,"s:41:6:46:Infinity":9,"s:47:6:47:Infinity":10,"s:49:4:49:Infinity":11,"b:49:25:49:43:49:47:49:49":1,"f:52:2:52:6":4,"s:53:4:53:Infinity":12,"f:56:2:56:8":5,"b:57:4:57:Infinity:undefined:undefined:undefined:undefined":2,"s:57:4:57:Infinity":13,"s:57:22:57:Infinity":14,"s:58:21:64:5":15,"s:65:4:65:Infinity":16,"b:66:4:66:Infinity:undefined:undefined:undefined:undefined":3,"s:66:4:66:Infinity":17,"s:66:41:66:Infinity":18,"s:67:4:67:Infinity":19}}}
,"D:\\Projects\\مشروع اداره الطلبه شيخ وائل\\assets\\js\\modules\\auth.js": {"path":"D:\\Projects\\مشروع اداره الطلبه شيخ وائل\\assets\\js\\modules\\auth.js","statementMap":{"0":{"start":{"line":4,"column":20},"end":{"line":37,"column":1}},"1":{"start":{"line":6,"column":4},"end":{"line":10,"column":null}},"2":{"start":{"line":14,"column":19},"end":{"line":14,"column":59}},"3":{"start":{"line":15,"column":4},"end":{"line":15,"column":null}},"4":{"start":{"line":19,"column":17},"end":{"line":19,"column":32}},"5":{"start":{"line":20,"column":4},"end":{"line":24,"column":null}},"6":{"start":{"line":21,"column":23},"end":{"line":21,"column":44}},"7":{"start":{"line":22,"column":6},"end":{"line":22,"column":null}},"8":{"start":{"line":23,"column":6},"end":{"line":23,"column":null}},"9":{"start":{"line":25,"column":4},"end":{"line":25,"column":null}},"10":{"start":{"line":31,"column":4},"end":{"line":31,"column":null}},"11":{"start":{"line":35,"column":4},"end":{"line":35,"column":null}}},"fnMap":{"0":{"name":"(anonymous_0)","decl":{"start":{"line":5,"column":2},"end":{"line":5,"column":17}},"loc":{"start":{"line":5,"column":20},"end":{"line":11,"column":3}},"line":5},"1":{"name":"(anonymous_1)","decl":{"start":{"line":13,"column":2},"end":{"line":13,"column":16}},"loc":{"start":{"line":13,"column":19},"end":{"line":16,"column":3}},"line":13},"2":{"name":"(anonymous_2)","decl":{"start":{"line":18,"column":2},"end":{"line":18,"column":7}},"loc":{"start":{"line":18,"column":35},"end":{"line":26,"column":3}},"line":18},"3":{"name":"(anonymous_3)","decl":{"start":{"line":28,"column":2},"end":{"line":28,"column":8}},"loc":{"start":{"line":28,"column":11},"end":{"line":32,"column":3}},"line":28},"4":{"name":"(anonymous_4)","decl":{"start":{"line":34,"column":2},"end":{"line":34,"column":9}},"loc":{"start":{"line":34,"column":16},"end":{"line":36,"column":null}},"line":34}},"branchMap":{"0":{"loc":{"start":{"line":15,"column":11},"end":{"line":15,"column":45}},"type":"cond-expr","locations":[{"start":{"line":15,"column":20},"end":{"line":15,"column":38}},{"start":{"line":15,"column":41},"end":{"line":15,"column":45}}],"line":15},"1":{"loc":{"start":{"line":20,"column":4},"end":{"line":24,"column":null}},"type":"if","locations":[{"start":{"line":20,"column":4},"end":{"line":24,"column":null}},{"start":{},"end":{}}],"line":20},"2":{"loc":{"start":{"line":20,"column":8},"end":{"line":20,"column":38}},"type":"binary-expr","locations":[{"start":{"line":20,"column":8},"end":{"line":20,"column":12}},{"start":{"line":20,"column":16},"end":{"line":20,"column":38}}],"line":20},"3":{"loc":{"start":{"line":35,"column":11},"end":{"line":35,"column":46}},"type":"binary-expr","locations":[{"start":{"line":35,"column":11},"end":{"line":35,"column":15}},{"start":{"line":35,"column":19},"end":{"line":35,"column":46}}],"line":35}},"s":{"0":1,"1":1,"2":0,"3":0,"4":0,"5":0,"6":0,"7":0,"8":0,"9":0,"10":0,"11":2},"f":{"0":1,"1":0,"2":0,"3":0,"4":2},"b":{"0":[0,0],"1":[0,0],"2":[0,0],"3":[2,2]},"meta":{"lastBranch":4,"lastFunction":5,"lastStatement":12,"seen":{"s:4:20:37:1":0,"f:5:2:5:17":0,"s:6:4:10:Infinity":1,"f:13:2:13:16":1,"s:14:19:14:59":2,"s:15:4:15:Infinity":3,"b:15:20:15:38:15:41:15:45":0,"f:18:2:18:7":2,"s:19:17:19:32":4,"b:20:4:24:Infinity:undefined:undefined:undefined:undefined":1,"s:20:4:24:Infinity":5,"b:20:8:20:12:20:16:20:38":2,"s:21:23:21:44":6,"s:22:6:22:Infinity":7,"s:23:6:23:Infinity":8,"s:25:4:25:Infinity":9,"f:28:2:28:8":3,"s:31:4:31:Infinity":10,"f:34:2:34:9":4,"s:35:4:35:Infinity":11,"b:35:11:35:15:35:19:35:46":3}}}
,"D:\\Projects\\مشروع اداره الطلبه شيخ وائل\\assets\\js\\modules\\classes.js": {"path":"D:\\Projects\\مشروع اداره الطلبه شيخ وائل\\assets\\js\\modules\\classes.js","statementMap":{"0":{"start":{"line":4,"column":23},"end":{"line":61,"column":1}},"1":{"start":{"line":6,"column":17},"end":{"line":6,"column":53}},"2":{"start":{"line":7,"column":4},"end":{"line":7,"column":null}},"3":{"start":{"line":7,"column":15},"end":{"line":7,"column":null}},"4":{"start":{"line":9,"column":4},"end":{"line":35,"column":null}},"5":{"start":{"line":10,"column":27},"end":{"line":10,"column":78}},"6":{"start":{"line":10,"column":52},"end":{"line":10,"column":70}},"7":{"start":{"line":11,"column":6},"end":{"line":34,"column":null}},"8":{"start":{"line":39,"column":15},"end":{"line":39,"column":76}},"9":{"start":{"line":40,"column":4},"end":{"line":40,"column":null}},"10":{"start":{"line":40,"column":33},"end":{"line":40,"column":79}},"11":{"start":{"line":41,"column":4},"end":{"line":41,"column":null}},"12":{"start":{"line":45,"column":4},"end":{"line":45,"column":null}},"13":{"start":{"line":45,"column":17},"end":{"line":45,"column":57}},"14":{"start":{"line":45,"column":58},"end":{"line":45,"column":71}},"15":{"start":{"line":46,"column":4},"end":{"line":58,"column":null}},"16":{"start":{"line":47,"column":20},"end":{"line":47,"column":61}},"17":{"start":{"line":47,"column":49},"end":{"line":47,"column":60}},"18":{"start":{"line":48,"column":8},"end":{"line":54,"column":null}},"19":{"start":{"line":49,"column":28},"end":{"line":49,"column":51}},"20":{"start":{"line":50,"column":12},"end":{"line":50,"column":null}},"21":{"start":{"line":52,"column":12},"end":{"line":52,"column":null}},"22":{"start":{"line":52,"column":42},"end":{"line":52,"column":82}},"23":{"start":{"line":52,"column":67},"end":{"line":52,"column":82}},"24":{"start":{"line":53,"column":12},"end":{"line":53,"column":null}},"25":{"start":{"line":56,"column":8},"end":{"line":56,"column":null}},"26":{"start":{"line":57,"column":8},"end":{"line":57,"column":null}},"27":{"start":{"line":59,"column":4},"end":{"line":59,"column":null}}},"fnMap":{"0":{"name":"(anonymous_0)","decl":{"start":{"line":5,"column":2},"end":{"line":5,"column":8}},"loc":{"start":{"line":5,"column":49},"end":{"line":36,"column":3}},"line":5},"1":{"name":"(anonymous_1)","decl":{"start":{"line":9,"column":58},"end":{"line":9,"column":59}},"loc":{"start":{"line":9,"column":63},"end":{"line":35,"column":5}},"line":9},"2":{"name":"(anonymous_2)","decl":{"start":{"line":10,"column":47},"end":{"line":10,"column":48}},"loc":{"start":{"line":10,"column":52},"end":{"line":10,"column":70}},"line":10},"3":{"name":"(anonymous_3)","decl":{"start":{"line":38,"column":2},"end":{"line":38,"column":15}},"loc":{"start":{"line":38,"column":49},"end":{"line":42,"column":3}},"line":38},"4":{"name":"(anonymous_4)","decl":{"start":{"line":40,"column":28},"end":{"line":40,"column":29}},"loc":{"start":{"line":40,"column":33},"end":{"line":40,"column":79}},"line":40},"5":{"name":"(anonymous_5)","decl":{"start":{"line":44,"column":2},"end":{"line":44,"column":12}},"loc":{"start":{"line":44,"column":41},"end":{"line":60,"column":null}},"line":44},"6":{"name":"(anonymous_6)","decl":{"start":{"line":47,"column":44},"end":{"line":47,"column":45}},"loc":{"start":{"line":47,"column":49},"end":{"line":47,"column":60}},"line":47},"7":{"name":"(anonymous_7)","decl":{"start":{"line":52,"column":35},"end":{"line":52,"column":36}},"loc":{"start":{"line":52,"column":40},"end":{"line":52,"column":84}},"line":52}},"branchMap":{"0":{"loc":{"start":{"line":7,"column":4},"end":{"line":7,"column":null}},"type":"if","locations":[{"start":{"line":7,"column":4},"end":{"line":7,"column":null}},{"start":{},"end":{}}],"line":7},"1":{"loc":{"start":{"line":9,"column":21},"end":{"line":35,"column":253}},"type":"cond-expr","locations":[{"start":{"line":9,"column":42},"end":{"line":35,"column":15}},{"start":{"line":35,"column":18},"end":{"line":35,"column":253}}],"line":9},"2":{"loc":{"start":{"line":15,"column":16},"end":{"line":15,"column":40}},"type":"cond-expr","locations":[{"start":{"line":15,"column":25},"end":{"line":15,"column":34}},{"start":{"line":15,"column":37},"end":{"line":15,"column":40}}],"line":15},"3":{"loc":{"start":{"line":38,"column":29},"end":{"line":38,"column":47}},"type":"default-arg","locations":[{"start":{"line":38,"column":42},"end":{"line":38,"column":47}}],"line":38},"4":{"loc":{"start":{"line":39,"column":15},"end":{"line":39,"column":76}},"type":"cond-expr","locations":[{"start":{"line":39,"column":28},"end":{"line":39,"column":71}},{"start":{"line":39,"column":74},"end":{"line":39,"column":76}}],"line":39},"5":{"loc":{"start":{"line":45,"column":4},"end":{"line":45,"column":null}},"type":"if","locations":[{"start":{"line":45,"column":4},"end":{"line":45,"column":null}},{"start":{},"end":{}}],"line":45},"6":{"loc":{"start":{"line":46,"column":4},"end":{"line":58,"column":null}},"type":"if","locations":[{"start":{"line":46,"column":4},"end":{"line":58,"column":null}},{"start":{"line":55,"column":11},"end":{"line":58,"column":null}}],"line":46},"7":{"loc":{"start":{"line":48,"column":8},"end":{"line":54,"column":null}},"type":"if","locations":[{"start":{"line":48,"column":8},"end":{"line":54,"column":null}},{"start":{},"end":{}}],"line":48},"8":{"loc":{"start":{"line":52,"column":42},"end":{"line":52,"column":82}},"type":"if","locations":[{"start":{"line":52,"column":42},"end":{"line":52,"column":82}},{"start":{},"end":{}}],"line":52}},"s":{"0":1,"1":0,"2":0,"3":0,"4":0,"5":0,"6":0,"7":0,"8":1,"9":1,"10":2,"11":1,"12":3,"13":1,"14":1,"15":2,"16":1,"17":1,"18":1,"19":1,"20":1,"21":1,"22":1,"23":1,"24":1,"25":1,"26":1,"27":2},"f":{"0":0,"1":0,"2":0,"3":1,"4":2,"5":3,"6":1,"7":1},"b":{"0":[0,0],"1":[0,0],"2":[0,0],"3":[1],"4":[1,0],"5":[1,2],"6":[1,1],"7":[1,0],"8":[1,0]},"meta":{"lastBranch":9,"lastFunction":8,"lastStatement":28,"seen":{"s:4:23:61:1":0,"f:5:2:5:8":0,"s:6:17:6:53":1,"b:7:4:7:Infinity:undefined:undefined:undefined:undefined":0,"s:7:4:7:Infinity":2,"s:7:15:7:Infinity":3,"s:9:4:35:Infinity":4,"b:9:42:35:15:35:18:35:253":1,"f:9:58:9:59":1,"s:10:27:10:78":5,"f:10:47:10:48":2,"s:10:52:10:70":6,"s:11:6:34:Infinity":7,"b:15:25:15:34:15:37:15:40":2,"f:38:2:38:15":3,"b:38:42:38:47":3,"s:39:15:39:76":8,"b:39:28:39:71:39:74:39:76":4,"s:40:4:40:Infinity":9,"f:40:28:40:29":4,"s:40:33:40:79":10,"s:41:4:41:Infinity":11,"f:44:2:44:12":5,"b:45:4:45:Infinity:undefined:undefined:undefined:undefined":5,"s:45:4:45:Infinity":12,"s:45:17:45:57":13,"s:45:58:45:71":14,"b:46:4:58:Infinity:55:11:58:Infinity":6,"s:46:4:58:Infinity":15,"s:47:20:47:61":16,"f:47:44:47:45":6,"s:47:49:47:60":17,"b:48:8:54:Infinity:undefined:undefined:undefined:undefined":7,"s:48:8:54:Infinity":18,"s:49:28:49:51":19,"s:50:12:50:Infinity":20,"s:52:12:52:Infinity":21,"f:52:35:52:36":7,"b:52:42:52:82:undefined:undefined:undefined:undefined":8,"s:52:42:52:82":22,"s:52:67:52:82":23,"s:53:12:53:Infinity":24,"s:56:8:56:Infinity":25,"s:57:8:57:Infinity":26,"s:59:4:59:Infinity":27}}}
,"D:\\Projects\\مشروع اداره الطلبه شيخ وائل\\assets\\js\\modules\\storage.js": {"path":"D:\\Projects\\مشروع اداره الطلبه شيخ وائل\\assets\\js\\modules\\storage.js","statementMap":{"0":{"start":{"line":2,"column":23},"end":{"line":34,"column":1}},"1":{"start":{"line":4,"column":4},"end":{"line":4,"column":null}},"2":{"start":{"line":8,"column":17},"end":{"line":8,"column":60}},"3":{"start":{"line":9,"column":4},"end":{"line":9,"column":null}},"4":{"start":{"line":13,"column":4},"end":{"line":13,"column":null}},"5":{"start":{"line":17,"column":17},"end":{"line":17,"column":61}},"6":{"start":{"line":18,"column":4},"end":{"line":18,"column":null}},"7":{"start":{"line":22,"column":4},"end":{"line":22,"column":null}},"8":{"start":{"line":26,"column":17},"end":{"line":26,"column":60}},"9":{"start":{"line":27,"column":4},"end":{"line":27,"column":null}},"10":{"start":{"line":31,"column":4},"end":{"line":31,"column":null}},"11":{"start":{"line":32,"column":4},"end":{"line":32,"column":null}}},"fnMap":{"0":{"name":"(anonymous_0)","decl":{"start":{"line":3,"column":2},"end":{"line":3,"column":10}},"loc":{"start":{"line":3,"column":17},"end":{"line":5,"column":3}},"line":3},"1":{"name":"(anonymous_1)","decl":{"start":{"line":7,"column":2},"end":{"line":7,"column":10}},"loc":{"start":{"line":7,"column":13},"end":{"line":10,"column":3}},"line":7},"2":{"name":"(anonymous_2)","decl":{"start":{"line":12,"column":2},"end":{"line":12,"column":11}},"loc":{"start":{"line":12,"column":19},"end":{"line":14,"column":3}},"line":12},"3":{"name":"(anonymous_3)","decl":{"start":{"line":16,"column":2},"end":{"line":16,"column":11}},"loc":{"start":{"line":16,"column":14},"end":{"line":19,"column":3}},"line":16},"4":{"name":"(anonymous_4)","decl":{"start":{"line":21,"column":2},"end":{"line":21,"column":10}},"loc":{"start":{"line":21,"column":17},"end":{"line":23,"column":3}},"line":21},"5":{"name":"(anonymous_5)","decl":{"start":{"line":25,"column":2},"end":{"line":25,"column":10}},"loc":{"start":{"line":25,"column":13},"end":{"line":28,"column":3}},"line":25},"6":{"name":"(anonymous_6)","decl":{"start":{"line":30,"column":2},"end":{"line":30,"column":10}},"loc":{"start":{"line":30,"column":13},"end":{"line":33,"column":null}},"line":30}},"branchMap":{"0":{"loc":{"start":{"line":9,"column":11},"end":{"line":9,"column":41}},"type":"cond-expr","locations":[{"start":{"line":9,"column":18},"end":{"line":9,"column":34}},{"start":{"line":9,"column":37},"end":{"line":9,"column":41}}],"line":9},"1":{"loc":{"start":{"line":18,"column":11},"end":{"line":18,"column":41}},"type":"cond-expr","locations":[{"start":{"line":18,"column":18},"end":{"line":18,"column":34}},{"start":{"line":18,"column":37},"end":{"line":18,"column":41}}],"line":18},"2":{"loc":{"start":{"line":27,"column":11},"end":{"line":27,"column":39}},"type":"cond-expr","locations":[{"start":{"line":27,"column":18},"end":{"line":27,"column":34}},{"start":{"line":27,"column":37},"end":{"line":27,"column":39}}],"line":27}},"s":{"0":1,"1":0,"2":0,"3":0,"4":0,"5":0,"6":0,"7":0,"8":0,"9":0,"10":0,"11":0},"f":{"0":0,"1":0,"2":0,"3":0,"4":0,"5":0,"6":0},"b":{"0":[0,0],"1":[0,0],"2":[0,0]},"meta":{"lastBranch":3,"lastFunction":7,"lastStatement":12,"seen":{"s:2:23:34:1":0,"f:3:2:3:10":0,"s:4:4:4:Infinity":1,"f:7:2:7:10":1,"s:8:17:8:60":2,"s:9:4:9:Infinity":3,"b:9:18:9:34:9:37:9:41":0,"f:12:2:12:11":2,"s:13:4:13:Infinity":4,"f:16:2:16:11":3,"s:17:17:17:61":5,"s:18:4:18:Infinity":6,"b:18:18:18:34:18:37:18:41":1,"f:21:2:21:10":4,"s:22:4:22:Infinity":7,"f:25:2:25:10":5,"s:26:17:26:60":8,"s:27:4:27:Infinity":9,"b:27:18:27:34:27:37:27:39":2,"f:30:2:30:10":6,"s:31:4:31:Infinity":10,"s:32:4:32:Infinity":11}}}
,"D:\\Projects\\مشروع اداره الطلبه شيخ وائل\\assets\\js\\modules\\ui.js": {"path":"D:\\Projects\\مشروع اداره الطلبه شيخ وائل\\assets\\js\\modules\\ui.js","statementMap":{"0":{"start":{"line":2,"column":18},"end":{"line":54,"column":1}},"1":{"start":{"line":4,"column":18},"end":{"line":9,"column":5}},"2":{"start":{"line":10,"column":22},"end":{"line":10,"column":64}},"3":{"start":{"line":11,"column":4},"end":{"line":11,"column":null}},"4":{"start":{"line":11,"column":20},"end":{"line":11,"column":null}},"5":{"start":{"line":13,"column":18},"end":{"line":13,"column":47}},"6":{"start":{"line":14,"column":4},"end":{"line":14,"column":null}},"7":{"start":{"line":15,"column":4},"end":{"line":15,"column":null}},"8":{"start":{"line":16,"column":4},"end":{"line":16,"column":null}},"9":{"start":{"line":18,"column":4},"end":{"line":21,"column":null}},"10":{"start":{"line":19,"column":6},"end":{"line":19,"column":null}},"11":{"start":{"line":20,"column":6},"end":{"line":20,"column":null}},"12":{"start":{"line":20,"column":23},"end":{"line":20,"column":37}},"13":{"start":{"line":25,"column":16},"end":{"line":33,"column":5}},"14":{"start":{"line":34,"column":4},"end":{"line":34,"column":null}},"15":{"start":{"line":38,"column":4},"end":{"line":38,"column":null}},"16":{"start":{"line":42,"column":4},"end":{"line":42,"column":null}},"17":{"start":{"line":46,"column":15},"end":{"line":46,"column":47}},"18":{"start":{"line":47,"column":4},"end":{"line":47,"column":null}},"19":{"start":{"line":47,"column":12},"end":{"line":47,"column":null}},"20":{"start":{"line":51,"column":15},"end":{"line":51,"column":47}},"21":{"start":{"line":52,"column":4},"end":{"line":52,"column":null}},"22":{"start":{"line":52,"column":12},"end":{"line":52,"column":null}}},"fnMap":{"0":{"name":"(anonymous_0)","decl":{"start":{"line":3,"column":2},"end":{"line":3,"column":11}},"loc":{"start":{"line":3,"column":36},"end":{"line":22,"column":3}},"line":3},"1":{"name":"(anonymous_1)","decl":{"start":{"line":18,"column":15},"end":{"line":18,"column":16}},"loc":{"start":{"line":18,"column":21},"end":{"line":21,"column":5}},"line":18},"2":{"name":"(anonymous_2)","decl":{"start":{"line":20,"column":17},"end":{"line":20,"column":18}},"loc":{"start":{"line":20,"column":23},"end":{"line":20,"column":37}},"line":20},"3":{"name":"(anonymous_3)","decl":{"start":{"line":24,"column":2},"end":{"line":24,"column":16}},"loc":{"start":{"line":24,"column":25},"end":{"line":35,"column":3}},"line":24},"4":{"name":"(anonymous_4)","decl":{"start":{"line":37,"column":2},"end":{"line":37,"column":23}},"loc":{"start":{"line":37,"column":30},"end":{"line":39,"column":3}},"line":37},"5":{"name":"(anonymous_5)","decl":{"start":{"line":41,"column":2},"end":{"line":41,"column":15}},"loc":{"start":{"line":41,"column":18},"end":{"line":43,"column":3}},"line":41},"6":{"name":"(anonymous_6)","decl":{"start":{"line":45,"column":2},"end":{"line":45,"column":11}},"loc":{"start":{"line":45,"column":21},"end":{"line":48,"column":3}},"line":45},"7":{"name":"(anonymous_7)","decl":{"start":{"line":50,"column":2},"end":{"line":50,"column":12}},"loc":{"start":{"line":50,"column":22},"end":{"line":53,"column":null}},"line":50}},"branchMap":{"0":{"loc":{"start":{"line":3,"column":21},"end":{"line":3,"column":34}},"type":"default-arg","locations":[{"start":{"line":3,"column":28},"end":{"line":3,"column":34}}],"line":3},"1":{"loc":{"start":{"line":11,"column":4},"end":{"line":11,"column":null}},"type":"if","locations":[{"start":{"line":11,"column":4},"end":{"line":11,"column":null}},{"start":{},"end":{}}],"line":11},"2":{"loc":{"start":{"line":15,"column":39},"end":{"line":15,"column":64}},"type":"binary-expr","locations":[{"start":{"line":15,"column":39},"end":{"line":15,"column":50}},{"start":{"line":15,"column":54},"end":{"line":15,"column":64}}],"line":15},"3":{"loc":{"start":{"line":34,"column":33},"end":{"line":34,"column":65}},"type":"binary-expr","locations":[{"start":{"line":34,"column":33},"end":{"line":34,"column":44}},{"start":{"line":34,"column":48},"end":{"line":34,"column":65}}],"line":34},"4":{"loc":{"start":{"line":38,"column":33},"end":{"line":38,"column":91}},"type":"cond-expr","locations":[{"start":{"line":38,"column":52},"end":{"line":38,"column":70}},{"start":{"line":38,"column":73},"end":{"line":38,"column":91}}],"line":38},"5":{"loc":{"start":{"line":38,"column":96},"end":{"line":38,"column":109}},"type":"binary-expr","locations":[{"start":{"line":38,"column":96},"end":{"line":38,"column":100}},{"start":{"line":38,"column":104},"end":{"line":38,"column":109}}],"line":38},"6":{"loc":{"start":{"line":47,"column":4},"end":{"line":47,"column":null}},"type":"if","locations":[{"start":{"line":47,"column":4},"end":{"line":47,"column":null}},{"start":{},"end":{}}],"line":47},"7":{"loc":{"start":{"line":52,"column":4},"end":{"line":52,"column":null}},"type":"if","locations":[{"start":{"line":52,"column":4},"end":{"line":52,"column":null}},{"start":{},"end":{}}],"line":52}},"s":{"0":1,"1":1,"2":1,"3":1,"4":1,"5":0,"6":0,"7":0,"8":1,"9":1,"10":0,"11":0,"12":0,"13":0,"14":0,"15":0,"16":0,"17":0,"18":0,"19":0,"20":0,"21":0,"22":0},"f":{"0":1,"1":0,"2":0,"3":0,"4":0,"5":0,"6":0,"7":0},"b":{"0":[1],"1":[1,0],"2":[0,0],"3":[0,0],"4":[0,0],"5":[0,0],"6":[0,0],"7":[0,0]},"meta":{"lastBranch":8,"lastFunction":8,"lastStatement":23,"seen":{"s:2:18:54:1":0,"f:3:2:3:11":0,"b:3:28:3:34":0,"s:4:18:9:5":1,"s:10:22:10:64":2,"b:11:4:11:Infinity:undefined:undefined:undefined:undefined":1,"s:11:4:11:Infinity":3,"s:11:20:11:Infinity":4,"s:13:18:13:47":5,"s:14:4:14:Infinity":6,"s:15:4:15:Infinity":7,"b:15:39:15:50:15:54:15:64":2,"s:16:4:16:Infinity":8,"s:18:4:21:Infinity":9,"f:18:15:18:16":1,"s:19:6:19:Infinity":10,"s:20:6:20:Infinity":11,"f:20:17:20:18":2,"s:20:23:20:37":12,"f:24:2:24:16":3,"s:25:16:33:5":13,"s:34:4:34:Infinity":14,"b:34:33:34:44:34:48:34:65":3,"f:37:2:37:23":4,"s:38:4:38:Infinity":15,"b:38:52:38:70:38:73:38:91":4,"b:38:96:38:100:38:104:38:109":5,"f:41:2:41:15":5,"s:42:4:42:Infinity":16,"f:45:2:45:11":6,"s:46:15:46:47":17,"b:47:4:47:Infinity:undefined:undefined:undefined:undefined":6,"s:47:4:47:Infinity":18,"s:47:12:47:Infinity":19,"f:50:2:50:12":7,"s:51:15:51:47":20,"b:52:4:52:Infinity:undefined:undefined:undefined:undefined":7,"s:52:4:52:Infinity":21,"s:52:12:52:Infinity":22}}}
}
